c:\users\heba\ubuntusharedfolder\contactile_windows_devkitbeta\c++ library_24082021\example\user_app_example\debug\user_app_example.pch
c:\users\heba\ubuntusharedfolder\contactile_windows_devkitbeta\c++ library_24082021\example\user_app_example\debug\vc142.pdb
c:\users\heba\ubuntusharedfolder\contactile_windows_devkitbeta\c++ library_24082021\example\user_app_example\debug\vc142.idb
c:\users\heba\ubuntusharedfolder\contactile_windows_devkitbeta\c++ library_24082021\example\user_app_example\debug\stdafx.obj
c:\users\heba\ubuntusharedfolder\contactile_windows_devkitbeta\c++ library_24082021\example\user_app_example\debug\user_app_example.obj
c:\users\heba\ubuntusharedfolder\contactile_windows_devkitbeta\c++ library_24082021\example\user_app_example\debug\user_app_example.ilk
c:\users\heba\ubuntusharedfolder\contactile_windows_devkitbeta\c++ library_24082021\example\user_app_example\debug\user_app_example.exe
c:\users\heba\ubuntusharedfolder\contactile_windows_devkitbeta\c++ library_24082021\example\user_app_example\debug\user_app_example.pdb
c:\users\heba\ubuntusharedfolder\contactile_windows_devkit2.0\v06112021\example\user_app_example\debug\stdafx.obj
c:\users\heba\ubuntusharedfolder\contactile_windows_devkit2.0\v06112021\example\user_app_example\debug\user_app_example.obj
c:\users\heba\ubuntusharedfolder\contactile_windows_devkit2.0\v06112021\example\user_app_example\debug\user_app_example.ilk
c:\users\heba\ubuntusharedfolder\contactile_windows_devkit2.0\v06112021\example\user_app_example\debug\user_app_example.pch
c:\users\heba\ubuntusharedfolder\contactile_windows_devkit2.0\v06112021\example\user_app_example\debug\vc142.idb
c:\users\heba\ubuntusharedfolder\contactile_windows_devkit2.0\v06112021\example\user_app_example\debug\user_app_example.pdb
c:\users\heba\ubuntusharedfolder\contactile_windows_devkit2.0\v06112021\example\user_app_example\debug\vc142.pdb
c:\users\heba\ubuntusharedfolder\contactile_windows_devkit2.0\v06112021\example\user_app_example\debug\user_app_example.exe
c:\users\heba\ubuntusharedfolder\contactile_windows_devkit2.0\v06112021\example\user_app_example\debug\user_app_example.tlog\cl.command.1.tlog
c:\users\heba\ubuntusharedfolder\contactile_windows_devkit2.0\v06112021\example\user_app_example\debug\user_app_example.tlog\cl.read.1.tlog
c:\users\heba\ubuntusharedfolder\contactile_windows_devkit2.0\v06112021\example\user_app_example\debug\user_app_example.tlog\cl.write.1.tlog
c:\users\heba\ubuntusharedfolder\contactile_windows_devkit2.0\v06112021\example\user_app_example\debug\user_app_example.tlog\link.command.1.tlog
c:\users\heba\ubuntusharedfolder\contactile_windows_devkit2.0\v06112021\example\user_app_example\debug\user_app_example.tlog\link.read.1.tlog
c:\users\heba\ubuntusharedfolder\contactile_windows_devkit2.0\v06112021\example\user_app_example\debug\user_app_example.tlog\link.write.1.tlog
